2015-10-24 00:09:31,502 INFO  [org.jboss.modules] (main) JBoss Modules version 1.3.3.Final
2015-10-24 00:09:31,840 INFO  [org.jboss.msc] (main) JBoss MSC version 1.2.2.Final
2015-10-24 00:09:31,975 INFO  [org.jboss.as] (MSC service thread 1-2) JBAS015899: WildFly 8.2.0.Final "Tweek" starting
2015-10-24 00:09:31,987 DEBUG [org.jboss.as.config] (MSC service thread 1-2) Configured system properties:
	awt.toolkit = sun.awt.X11.XToolkit
	file.encoding = UTF-8
	file.encoding.pkg = sun.io
	file.separator = /
	java.awt.graphicsenv = sun.awt.X11GraphicsEnvironment
	java.awt.headless = true
	java.awt.printerjob = sun.print.PSPrinterJob
	java.class.path = /home/bartek/MERCURY/WORKSPACE/MERCURY-REPOSITORY/wildfly-8.2.0.Final/jboss-modules.jar
	java.class.version = 52.0
	java.endorsed.dirs = /usr/lib/jvm/java-8-oracle/jre/lib/endorsed
	java.ext.dirs = /usr/lib/jvm/java-8-oracle/jre/lib/ext:/usr/java/packages/lib/ext
	java.home = /usr/lib/jvm/java-8-oracle/jre
	java.io.tmpdir = /tmp
	java.library.path = /usr/java/packages/lib/amd64:/usr/lib64:/lib64:/lib:/usr/lib
	java.net.preferIPv4Stack = true
	java.runtime.name = Java(TM) SE Runtime Environment
	java.runtime.version = 1.8.0_60-b27
	java.specification.name = Java Platform API Specification
	java.specification.vendor = Oracle Corporation
	java.specification.version = 1.8
	java.util.logging.manager = org.jboss.logmanager.LogManager
	java.vendor = Oracle Corporation
	java.vendor.url = http://java.oracle.com/
	java.vendor.url.bug = http://bugreport.sun.com/bugreport/
	java.version = 1.8.0_60
	java.vm.info = mixed mode
	java.vm.name = Java HotSpot(TM) 64-Bit Server VM
	java.vm.specification.name = Java Virtual Machine Specification
	java.vm.specification.vendor = Oracle Corporation
	java.vm.specification.version = 1.8
	java.vm.vendor = Oracle Corporation
	java.vm.version = 25.60-b23
	javax.management.builder.initial = org.jboss.as.jmx.PluggableMBeanServerBuilder
	javax.xml.datatype.DatatypeFactory = __redirected.__DatatypeFactory
	javax.xml.parsers.DocumentBuilderFactory = __redirected.__DocumentBuilderFactory
	javax.xml.parsers.SAXParserFactory = __redirected.__SAXParserFactory
	javax.xml.stream.XMLEventFactory = __redirected.__XMLEventFactory
	javax.xml.stream.XMLInputFactory = __redirected.__XMLInputFactory
	javax.xml.stream.XMLOutputFactory = __redirected.__XMLOutputFactory
	javax.xml.transform.TransformerFactory = __redirected.__TransformerFactory
	javax.xml.validation.SchemaFactory:http://www.w3.org/2001/XMLSchema = __redirected.__SchemaFactory
	javax.xml.xpath.XPathFactory:http://java.sun.com/jaxp/xpath/dom = __redirected.__XPathFactory
	jboss.bind.address = localhost
	jboss.bind.address.management = localhost
	jboss.home.dir = /home/bartek/MERCURY/WORKSPACE/MERCURY-REPOSITORY/wildfly-8.2.0.Final
	jboss.host.name = bartek-n-a
	jboss.modules.dir = /home/bartek/MERCURY/WORKSPACE/MERCURY-REPOSITORY/wildfly-8.2.0.Final/modules
	jboss.modules.system.pkgs = org.jboss.byteman
	jboss.node.name = bartek-n-a
	jboss.qualified.host.name = bartek-n-a
	jboss.server.base.dir = /home/bartek/MERCURY/WORKSPACE/MERCURY-REPOSITORY/wildfly-8.2.0.Final/standalone
	jboss.server.config.dir = /home/bartek/MERCURY/WORKSPACE/MERCURY-REPOSITORY/wildfly-8.2.0.Final/standalone/configuration
	jboss.server.data.dir = /home/bartek/MERCURY/WORKSPACE/MERCURY-REPOSITORY/wildfly-8.2.0.Final/standalone/data
	jboss.server.deploy.dir = /home/bartek/MERCURY/WORKSPACE/MERCURY-REPOSITORY/wildfly-8.2.0.Final/standalone/data/content
	jboss.server.log.dir = /home/bartek/MERCURY/WORKSPACE/MERCURY-REPOSITORY/wildfly-8.2.0.Final/standalone/log
	jboss.server.name = bartek-n-a
	jboss.server.persist.config = true
	jboss.server.temp.dir = /home/bartek/MERCURY/WORKSPACE/MERCURY-REPOSITORY/wildfly-8.2.0.Final/standalone/tmp
	line.separator = 

	logging.configuration = file:/home/bartek/MERCURY/WORKSPACE/MERCURY-REPOSITORY/wildfly-8.2.0.Final/standalone/configuration/logging.properties
	module.path = /home/bartek/MERCURY/WORKSPACE/MERCURY-REPOSITORY/wildfly-8.2.0.Final/modules
	org.jboss.boot.log.file = /home/bartek/MERCURY/WORKSPACE/MERCURY-REPOSITORY/wildfly-8.2.0.Final/standalone/log/boot.log
	org.jboss.logmanager.nocolor = true
	org.jboss.resolver.warning = true
	org.xml.sax.driver = __redirected.__XMLReaderFactory
	os.arch = amd64
	os.name = Linux
	os.version = 3.19.0-25-generic
	path.separator = :
	program.name = JBossTools: WildFly 8.x
	sun.arch.data.model = 64
	sun.boot.class.path = /usr/lib/jvm/java-8-oracle/jre/lib/resources.jar:/usr/lib/jvm/java-8-oracle/jre/lib/rt.jar:/usr/lib/jvm/java-8-oracle/jre/lib/sunrsasign.jar:/usr/lib/jvm/java-8-oracle/jre/lib/jsse.jar:/usr/lib/jvm/java-8-oracle/jre/lib/jce.jar:/usr/lib/jvm/java-8-oracle/jre/lib/charsets.jar:/usr/lib/jvm/java-8-oracle/jre/lib/jfr.jar:/usr/lib/jvm/java-8-oracle/jre/classes
	sun.boot.library.path = /usr/lib/jvm/java-8-oracle/jre/lib/amd64
	sun.cpu.endian = little
	sun.cpu.isalist = 
	sun.desktop = gnome
	sun.io.unicode.encoding = UnicodeLittle
	sun.java.command = org.jboss.modules.Main -mp /home/bartek/MERCURY/WORKSPACE/MERCURY-REPOSITORY/wildfly-8.2.0.Final/modules -jaxpmodule javax.xml.jaxp-provider org.jboss.as.standalone -b localhost --server-config=standalone.xml -Djboss.server.base.dir=/home/bartek/MERCURY/WORKSPACE/MERCURY-REPOSITORY/wildfly-8.2.0.Final/standalone
	sun.java.launcher = SUN_STANDARD
	sun.jnu.encoding = UTF-8
	sun.management.compiler = HotSpot 64-Bit Tiered Compilers
	sun.os.patch.level = unknown
	sun.rmi.dgc.client.gcInterval = 3600000
	sun.rmi.dgc.server.gcInterval = 3600000
	user.country = PL
	user.dir = /home/bartek/MERCURY/WORKSPACE/MERCURY-REPOSITORY/wildfly-8.2.0.Final/bin
	user.home = /home/bartek
	user.language = pl
	user.name = bartek
	user.timezone = Europe/Warsaw
2015-10-24 00:09:31,989 DEBUG [org.jboss.as.config] (MSC service thread 1-2) VM Arguments: -agentlib:jdwp=transport=dt_socket,suspend=y,address=localhost:43111 -Dprogram.name=JBossTools: WildFly 8.x -Xms64m -Xmx512m -XX:MaxPermSize=256m -Dorg.jboss.resolver.warning=true -Djava.net.preferIPv4Stack=true -Dsun.rmi.dgc.client.gcInterval=3600000 -Dsun.rmi.dgc.server.gcInterval=3600000 -Djboss.modules.system.pkgs=org.jboss.byteman -Djava.awt.headless=true -Dorg.jboss.boot.log.file=/home/bartek/MERCURY/WORKSPACE/MERCURY-REPOSITORY/wildfly-8.2.0.Final/standalone/log/boot.log -Dlogging.configuration=file:/home/bartek/MERCURY/WORKSPACE/MERCURY-REPOSITORY/wildfly-8.2.0.Final/standalone/configuration/logging.properties -Djboss.home.dir=/home/bartek/MERCURY/WORKSPACE/MERCURY-REPOSITORY/wildfly-8.2.0.Final -Dorg.jboss.logmanager.nocolor=true -Djboss.bind.address.management=localhost -Dfile.encoding=UTF-8 
2015-10-24 00:09:34,262 INFO  [org.jboss.as.controller.management-deprecated] (Controller Boot Thread) JBAS014627: Attribute any-ipv4-address is deprecated, and it might be removed in future version!
2015-10-24 00:09:34,267 INFO  [org.jboss.as.controller.management-deprecated] (Controller Boot Thread) JBAS014627: Attribute any-ipv4-address is deprecated, and it might be removed in future version!
2015-10-24 00:09:34,405 INFO  [org.jboss.as.server.deployment.scanner] (DeploymentScanner-threads - 1) JBAS015003: Found mercury.ear in deployment directory. To trigger deployment create a file called mercury.ear.dodeploy
2015-10-24 00:09:34,448 INFO  [org.jboss.as.server] (Controller Boot Thread) JBAS015888: Creating http management service using socket-binding (management-http)
2015-10-24 00:09:34,550 INFO  [org.xnio] (MSC service thread 1-1) XNIO version 3.3.0.Final
2015-10-24 00:09:34,586 INFO  [org.xnio.nio] (MSC service thread 1-1) XNIO NIO Implementation Version 3.3.0.Final
2015-10-24 00:09:34,653 INFO  [org.wildfly.extension.io] (ServerService Thread Pool -- 31) WFLYIO001: Worker 'default' has auto-configured to 4 core threads with 32 task threads based on your 2 available processors
2015-10-24 00:09:34,699 WARN  [org.jboss.as.txn] (ServerService Thread Pool -- 46) JBAS010153: Node identifier property is set to the default value. Please make sure it is unique.
2015-10-24 00:09:34,701 INFO  [org.jboss.as.security] (ServerService Thread Pool -- 45) JBAS013171: Activating Security Subsystem
2015-10-24 00:09:34,726 INFO  [org.jboss.as.clustering.infinispan] (ServerService Thread Pool -- 32) JBAS010280: Activating Infinispan subsystem.
2015-10-24 00:09:34,730 INFO  [org.jboss.as.security] (MSC service thread 1-4) JBAS013170: Current PicketBox version=4.0.21.Final
2015-10-24 00:09:34,729 INFO  [org.jboss.as.webservices] (ServerService Thread Pool -- 48) JBAS015537: Activating WebServices Extension
2015-10-24 00:09:34,790 INFO  [org.jboss.as.naming] (ServerService Thread Pool -- 40) JBAS011800: Activating Naming Subsystem
2015-10-24 00:09:34,850 INFO  [org.jboss.as.jsf] (ServerService Thread Pool -- 38) JBAS012615: Activated the following JSF Implementations: [main]
2015-10-24 00:09:34,887 INFO  [org.jboss.as.connector.subsystems.datasources] (ServerService Thread Pool -- 27) JBAS010403: Deploying JDBC-compliant driver class org.h2.Driver (version 1.3)
2015-10-24 00:09:34,950 INFO  [org.wildfly.extension.undertow] (ServerService Thread Pool -- 47) JBAS017502: Undertow 1.1.0.Final starting
2015-10-24 00:09:34,951 INFO  [org.wildfly.extension.undertow] (MSC service thread 1-2) JBAS017502: Undertow 1.1.0.Final starting
2015-10-24 00:09:35,003 INFO  [org.jboss.as.connector.logging] (MSC service thread 1-2) JBAS010408: Starting JCA Subsystem (IronJacamar 1.1.9.Final)
2015-10-24 00:09:35,234 INFO  [org.jboss.as.connector.deployers.jdbc] (MSC service thread 1-4) JBAS010417: Started Driver service with driver-name = h2
2015-10-24 00:09:35,330 INFO  [org.jboss.remoting] (MSC service thread 1-1) JBoss Remoting version 4.0.6.Final
2015-10-24 00:09:35,377 INFO  [org.jboss.as.naming] (MSC service thread 1-2) JBAS011802: Starting Naming Service
2015-10-24 00:09:35,511 INFO  [org.jboss.as.mail.extension] (MSC service thread 1-3) JBAS015400: Bound mail session [java:jboss/mail/Default]
2015-10-24 00:09:35,823 INFO  [org.wildfly.extension.undertow] (ServerService Thread Pool -- 47) JBAS017527: Creating file handler for path /home/bartek/MERCURY/WORKSPACE/MERCURY-REPOSITORY/wildfly-8.2.0.Final/welcome-content
2015-10-24 00:09:36,235 INFO  [org.wildfly.extension.undertow] (MSC service thread 1-2) JBAS017525: Started server default-server.
2015-10-24 00:09:36,262 INFO  [org.wildfly.extension.undertow] (MSC service thread 1-1) JBAS017531: Host default-host starting
2015-10-24 00:09:36,605 INFO  [org.wildfly.extension.undertow] (MSC service thread 1-1) JBAS017519: Undertow HTTP listener default listening on /0.0.0.0:8080
2015-10-24 00:09:36,784 INFO  [org.jboss.as.server.deployment] (MSC service thread 1-1) JBAS015876: Starting deployment of "postgresql-9.4-1201.jdbc4.jar" (runtime-name: "postgresql-9.4-1201.jdbc4.jar")
2015-10-24 00:09:36,787 INFO  [org.jboss.as.server.deployment] (MSC service thread 1-2) JBAS015876: Starting deployment of "mercury.ear" (runtime-name: "mercury.ear")
2015-10-24 00:09:36,846 INFO  [org.jboss.as.server.deployment.scanner] (MSC service thread 1-1) JBAS015012: Started FileSystemDeploymentService for directory /home/bartek/MERCURY/WORKSPACE/MERCURY-REPOSITORY/wildfly-8.2.0.Final/standalone/deployments
2015-10-24 00:09:37,552 INFO  [org.jboss.as.connector.subsystems.datasources] (MSC service thread 1-3) JBAS010400: Bound data source [java:jboss/datasources/ExampleDS]
2015-10-24 00:09:38,276 INFO  [org.jboss.ws.common.management] (MSC service thread 1-4) JBWS022052: Starting JBoss Web Services - Stack CXF Server 4.3.2.Final
2015-10-24 00:09:38,388 INFO  [org.jboss.as.connector.deployers.jdbc] (MSC service thread 1-3) JBAS010404: Deploying non-JDBC-compliant driver class org.postgresql.Driver (version 9.4)
2015-10-24 00:09:38,478 INFO  [org.jboss.as.connector.deployers.jdbc] (MSC service thread 1-4) JBAS010417: Started Driver service with driver-name = postgresql-9.4-1201.jdbc4.jar
2015-10-24 00:09:38,486 INFO  [org.jboss.as.connector.subsystems.datasources] (MSC service thread 1-3) JBAS010400: Bound data source [java:jboss/mercuryDataSource]
2015-10-24 00:09:38,487 INFO  [org.jboss.as.connector.subsystems.datasources] (MSC service thread 1-4) JBAS010400: Bound data source [java:jboss/mercuryTestDataSource]
2015-10-24 00:09:39,928 WARN  [org.jboss.as.server.deployment] (MSC service thread 1-1) JBAS015960: Class Path entry jaxb-api.jar in /home/bartek/MERCURY/WORKSPACE/MERCURY-REPOSITORY/wildfly-8.2.0.Final/standalone/deployments/mercury.ear/lib/jaxb-impl-2.2.7.jar  does not point to a valid jar for a Class-Path reference.
2015-10-24 00:09:39,931 WARN  [org.jboss.as.server.deployment] (MSC service thread 1-1) JBAS015960: Class Path entry jaxb-core.jar in /home/bartek/MERCURY/WORKSPACE/MERCURY-REPOSITORY/wildfly-8.2.0.Final/standalone/deployments/mercury.ear/lib/jaxb-impl-2.2.7.jar  does not point to a valid jar for a Class-Path reference.
2015-10-24 00:09:39,936 WARN  [org.jboss.as.server.deployment] (MSC service thread 1-1) JBAS015960: Class Path entry xml-apis.jar in /home/bartek/MERCURY/WORKSPACE/MERCURY-REPOSITORY/wildfly-8.2.0.Final/standalone/deployments/mercury.ear/lib/serializer-2.7.1.jar  does not point to a valid jar for a Class-Path reference.
2015-10-24 00:09:39,940 WARN  [org.jboss.as.server.deployment] (MSC service thread 1-1) JBAS015960: Class Path entry xercesImpl.jar in /home/bartek/MERCURY/WORKSPACE/MERCURY-REPOSITORY/wildfly-8.2.0.Final/standalone/deployments/mercury.ear/lib/xalan-2.7.1.jar  does not point to a valid jar for a Class-Path reference.
2015-10-24 00:09:39,950 WARN  [org.jboss.as.server.deployment] (MSC service thread 1-1) JBAS015960: Class Path entry xml-apis.jar in /home/bartek/MERCURY/WORKSPACE/MERCURY-REPOSITORY/wildfly-8.2.0.Final/standalone/deployments/mercury.ear/lib/xalan-2.7.1.jar  does not point to a valid jar for a Class-Path reference.
2015-10-24 00:09:39,950 WARN  [org.jboss.as.server.deployment] (MSC service thread 1-1) JBAS015960: Class Path entry serializer.jar in /home/bartek/MERCURY/WORKSPACE/MERCURY-REPOSITORY/wildfly-8.2.0.Final/standalone/deployments/mercury.ear/lib/xalan-2.7.1.jar  does not point to a valid jar for a Class-Path reference.
2015-10-24 00:09:39,963 WARN  [org.jboss.as.server.deployment] (MSC service thread 1-1) JBAS015960: Class Path entry jaxb-api.jar in /home/bartek/MERCURY/WORKSPACE/MERCURY-REPOSITORY/wildfly-8.2.0.Final/standalone/deployments/mercury.ear/lib/jaxb-core-2.2.7.jar  does not point to a valid jar for a Class-Path reference.
2015-10-24 00:09:40,383 INFO  [org.jboss.as.server.deployment] (MSC service thread 1-2) JBAS015973: Starting subdeployment (runtime-name: "mercury-server-1.0.0-SNAPSHOT.jar")
2015-10-24 00:09:40,513 INFO  [org.jboss.as.jpa] (MSC service thread 1-3) JBAS011401: Read persistence.xml for mercuryPersister
2015-10-24 00:09:40,735 INFO  [org.jboss.weld.deployer] (MSC service thread 1-4) JBAS016002: Processing weld deployment mercury.ear
2015-10-24 00:09:40,740 INFO  [org.jboss.as.jpa] (ServerService Thread Pool -- 50) JBAS011409: Starting Persistence Unit (phase 1 of 2) Service 'mercury.ear/mercury-server-1.0.0-SNAPSHOT.jar#mercuryPersister'
2015-10-24 00:09:40,762 INFO  [org.hibernate.jpa.internal.util.LogHelper] (ServerService Thread Pool -- 50) HHH000204: Processing PersistenceUnitInfo [
	name: mercuryPersister
	...]
2015-10-24 00:09:40,942 INFO  [org.hibernate.validator.internal.util.Version] (MSC service thread 1-4) HV000001: Hibernate Validator 5.1.3.Final
2015-10-24 00:09:40,963 INFO  [org.hibernate.Version] (ServerService Thread Pool -- 50) HHH000412: Hibernate Core {4.3.7.Final}
2015-10-24 00:09:40,976 INFO  [org.hibernate.cfg.Environment] (ServerService Thread Pool -- 50) HHH000206: hibernate.properties not found
2015-10-24 00:09:40,980 INFO  [org.hibernate.cfg.Environment] (ServerService Thread Pool -- 50) HHH000021: Bytecode provider name : javassist
2015-10-24 00:09:41,296 INFO  [org.jboss.weld.deployer] (MSC service thread 1-2) JBAS016002: Processing weld deployment mercury-server-1.0.0-SNAPSHOT.jar
2015-10-24 00:09:41,310 INFO  [org.jboss.as.ejb3.deployment.processors.EjbJndiBindingsDeploymentUnitProcessor] (MSC service thread 1-2) JNDI bindings for session bean named SaleServiceImpl in deployment unit subdeployment "mercury-server-1.0.0-SNAPSHOT.jar" of deployment "mercury.ear" are as follows:

	java:global/mercury/mercury-server-1.0.0-SNAPSHOT/SaleServiceImpl!pl.uz.mercury.service.SaleService
	java:app/mercury-server-1.0.0-SNAPSHOT/SaleServiceImpl!pl.uz.mercury.service.SaleService
	java:module/SaleServiceImpl!pl.uz.mercury.service.SaleService
	java:jboss/exported/mercury/mercury-server-1.0.0-SNAPSHOT/SaleServiceImpl!pl.uz.mercury.service.SaleService
	java:global/mercury/mercury-server-1.0.0-SNAPSHOT/SaleServiceImpl
	java:app/mercury-server-1.0.0-SNAPSHOT/SaleServiceImpl
	java:module/SaleServiceImpl

2015-10-24 00:09:41,312 INFO  [org.jboss.as.ejb3.deployment.processors.EjbJndiBindingsDeploymentUnitProcessor] (MSC service thread 1-2) JNDI bindings for session bean named MercuryDao in deployment unit subdeployment "mercury-server-1.0.0-SNAPSHOT.jar" of deployment "mercury.ear" are as follows:

	java:global/mercury/mercury-server-1.0.0-SNAPSHOT/MercuryDao!pl.uz.mercury.dao.common.MercuryDao
	java:app/mercury-server-1.0.0-SNAPSHOT/MercuryDao!pl.uz.mercury.dao.common.MercuryDao
	java:module/MercuryDao!pl.uz.mercury.dao.common.MercuryDao
	java:global/mercury/mercury-server-1.0.0-SNAPSHOT/MercuryDao
	java:app/mercury-server-1.0.0-SNAPSHOT/MercuryDao
	java:module/MercuryDao

2015-10-24 00:09:41,313 INFO  [org.jboss.as.ejb3.deployment.processors.EjbJndiBindingsDeploymentUnitProcessor] (MSC service thread 1-2) JNDI bindings for session bean named MerchandiseServiceImpl in deployment unit subdeployment "mercury-server-1.0.0-SNAPSHOT.jar" of deployment "mercury.ear" are as follows:

	java:global/mercury/mercury-server-1.0.0-SNAPSHOT/MerchandiseServiceImpl!pl.uz.mercury.service.MerchandiseService
	java:app/mercury-server-1.0.0-SNAPSHOT/MerchandiseServiceImpl!pl.uz.mercury.service.MerchandiseService
	java:module/MerchandiseServiceImpl!pl.uz.mercury.service.MerchandiseService
	java:jboss/exported/mercury/mercury-server-1.0.0-SNAPSHOT/MerchandiseServiceImpl!pl.uz.mercury.service.MerchandiseService
	java:global/mercury/mercury-server-1.0.0-SNAPSHOT/MerchandiseServiceImpl!pl.uz.mercury.service.MerchandiseServiceLocal
	java:app/mercury-server-1.0.0-SNAPSHOT/MerchandiseServiceImpl!pl.uz.mercury.service.MerchandiseServiceLocal
	java:module/MerchandiseServiceImpl!pl.uz.mercury.service.MerchandiseServiceLocal

2015-10-24 00:09:41,316 INFO  [org.jboss.as.ejb3.deployment.processors.EjbJndiBindingsDeploymentUnitProcessor] (MSC service thread 1-2) JNDI bindings for session bean named PurchaseServiceImpl in deployment unit subdeployment "mercury-server-1.0.0-SNAPSHOT.jar" of deployment "mercury.ear" are as follows:

	java:global/mercury/mercury-server-1.0.0-SNAPSHOT/PurchaseServiceImpl!pl.uz.mercury.service.PurchaseService
	java:app/mercury-server-1.0.0-SNAPSHOT/PurchaseServiceImpl!pl.uz.mercury.service.PurchaseService
	java:module/PurchaseServiceImpl!pl.uz.mercury.service.PurchaseService
	java:jboss/exported/mercury/mercury-server-1.0.0-SNAPSHOT/PurchaseServiceImpl!pl.uz.mercury.service.PurchaseService
	java:global/mercury/mercury-server-1.0.0-SNAPSHOT/PurchaseServiceImpl
	java:app/mercury-server-1.0.0-SNAPSHOT/PurchaseServiceImpl
	java:module/PurchaseServiceImpl

2015-10-24 00:09:41,349 INFO  [org.jboss.weld.deployer] (MSC service thread 1-4) JBAS016005: Starting Services for CDI deployment: mercury.ear
2015-10-24 00:09:41,422 INFO  [org.jboss.weld.Version] (MSC service thread 1-4) WELD-000900: 2.2.6 (Final)
2015-10-24 00:09:41,443 INFO  [org.jboss.weld.deployer] (MSC service thread 1-3) JBAS016008: Starting weld service for deployment mercury.ear
2015-10-24 00:09:41,987 INFO  [org.jboss.as.jpa] (ServerService Thread Pool -- 50) JBAS011409: Starting Persistence Unit (phase 2 of 2) Service 'mercury.ear/mercury-server-1.0.0-SNAPSHOT.jar#mercuryPersister'
2015-10-24 00:09:42,146 INFO  [org.hibernate.annotations.common.Version] (ServerService Thread Pool -- 50) HCANN000001: Hibernate Commons Annotations {4.0.4.Final}
2015-10-24 00:09:42,697 INFO  [org.hibernate.dialect.Dialect] (ServerService Thread Pool -- 50) HHH000400: Using dialect: org.hibernate.dialect.PostgreSQLDialect
2015-10-24 00:09:42,715 INFO  [org.hibernate.engine.jdbc.internal.LobCreatorBuilder] (ServerService Thread Pool -- 50) HHH000424: Disabling contextual LOB creation as createClob() method threw error : java.lang.reflect.InvocationTargetException
2015-10-24 00:09:42,947 INFO  [org.hibernate.hql.internal.ast.ASTQueryTranslatorFactory] (ServerService Thread Pool -- 50) HHH000397: Using ASTQueryTranslatorFactory
2015-10-24 00:09:45,431 INFO  [org.jboss.as.server] (ServerService Thread Pool -- 28) JBAS018559: Deployed "mercury.ear" (runtime-name : "mercury.ear")
2015-10-24 00:09:45,432 INFO  [org.jboss.as.server] (ServerService Thread Pool -- 28) JBAS018559: Deployed "postgresql-9.4-1201.jdbc4.jar" (runtime-name : "postgresql-9.4-1201.jdbc4.jar")
2015-10-24 00:09:45,461 INFO  [org.jboss.as] (Controller Boot Thread) JBAS015961: Http management interface listening on http://0.0.0.0:9990/management
2015-10-24 00:09:45,462 INFO  [org.jboss.as] (Controller Boot Thread) JBAS015951: Admin console listening on http://0.0.0.0:9990
2015-10-24 00:09:45,464 INFO  [org.jboss.as] (Controller Boot Thread) JBAS015874: WildFly 8.2.0.Final "Tweek" started in 14531ms - Started 445 of 511 services (106 services are lazy, passive or on-demand)
2015-10-24 00:12:15,173 INFO  [org.jboss.as.connector.subsystems.datasources] (MSC service thread 1-4) JBAS010409: Unbound data source [java:jboss/mercuryTestDataSource]
2015-10-24 00:12:15,185 INFO  [org.wildfly.extension.undertow] (MSC service thread 1-2) JBAS017532: Host default-host stopping
2015-10-24 00:12:15,214 INFO  [org.jboss.as.jpa] (ServerService Thread Pool -- 52) JBAS011410: Stopping Persistence Unit (phase 2 of 2) Service 'mercury.ear/mercury-server-1.0.0-SNAPSHOT.jar#mercuryPersister'
2015-10-24 00:12:15,216 INFO  [org.jboss.as.connector.subsystems.datasources] (MSC service thread 1-4) JBAS010409: Unbound data source [java:jboss/datasources/ExampleDS]
2015-10-24 00:12:15,255 INFO  [org.jboss.as.connector.deployers.jdbc] (MSC service thread 1-1) JBAS010418: Stopped Driver service with driver-name = h2
2015-10-24 00:12:15,258 INFO  [org.jboss.weld.deployer] (MSC service thread 1-3) JBAS016009: Stopping weld service for deployment mercury.ear
2015-10-24 00:12:15,291 INFO  [org.jboss.as.jpa] (ServerService Thread Pool -- 52) JBAS011410: Stopping Persistence Unit (phase 1 of 2) Service 'mercury.ear/mercury-server-1.0.0-SNAPSHOT.jar#mercuryPersister'
2015-10-24 00:12:15,292 INFO  [org.jboss.as.connector.subsystems.datasources] (MSC service thread 1-1) JBAS010409: Unbound data source [java:jboss/mercuryDataSource]
2015-10-24 00:12:15,296 INFO  [org.jboss.as.connector.deployers.jdbc] (MSC service thread 1-3) JBAS010418: Stopped Driver service with driver-name = postgresql-9.4-1201.jdbc4.jar
2015-10-24 00:12:15,303 INFO  [org.wildfly.extension.undertow] (MSC service thread 1-1) JBAS017521: Undertow HTTP listener default suspending
2015-10-24 00:12:15,319 INFO  [org.wildfly.extension.undertow] (MSC service thread 1-1) JBAS017520: Undertow HTTP listener default stopped, was bound to /0.0.0.0:8080
2015-10-24 00:12:15,320 INFO  [org.wildfly.extension.undertow] (MSC service thread 1-1) JBAS017506: Undertow 1.1.0.Final stopping
2015-10-24 00:12:15,340 INFO  [org.jboss.as.server.deployment] (MSC service thread 1-4) JBAS015877: Stopped deployment postgresql-9.4-1201.jdbc4.jar (runtime-name: postgresql-9.4-1201.jdbc4.jar) in 211ms
2015-10-24 00:12:15,341 INFO  [org.jboss.as.server.deployment] (MSC service thread 1-4) JBAS015974: Stopped subdeployment (runtime-name: mercury-server-1.0.0-SNAPSHOT.jar) in 205ms
2015-10-24 00:12:15,384 INFO  [org.jboss.as.server.deployment] (MSC service thread 1-1) JBAS015877: Stopped deployment mercury.ear (runtime-name: mercury.ear) in 247ms
2015-10-24 00:12:15,406 INFO  [org.jboss.as] (MSC service thread 1-2) JBAS015950: WildFly 8.2.0.Final "Tweek" stopped in 269ms
2015-10-24 00:13:35,061 INFO  [org.jboss.modules] (main) JBoss Modules version 1.3.3.Final
2015-10-24 00:13:35,392 INFO  [org.jboss.msc] (main) JBoss MSC version 1.2.2.Final
2015-10-24 00:13:35,524 INFO  [org.jboss.as] (MSC service thread 1-1) JBAS015899: WildFly 8.2.0.Final "Tweek" starting
2015-10-24 00:13:35,538 DEBUG [org.jboss.as.config] (MSC service thread 1-1) Configured system properties:
	awt.toolkit = sun.awt.X11.XToolkit
	file.encoding = UTF-8
	file.encoding.pkg = sun.io
	file.separator = /
	java.awt.graphicsenv = sun.awt.X11GraphicsEnvironment
	java.awt.headless = true
	java.awt.printerjob = sun.print.PSPrinterJob
	java.class.path = /home/bartek/MERCURY/WORKSPACE/MERCURY-REPOSITORY/wildfly-8.2.0.Final/jboss-modules.jar
	java.class.version = 52.0
	java.endorsed.dirs = /usr/lib/jvm/java-8-oracle/jre/lib/endorsed
	java.ext.dirs = /usr/lib/jvm/java-8-oracle/jre/lib/ext:/usr/java/packages/lib/ext
	java.home = /usr/lib/jvm/java-8-oracle/jre
	java.io.tmpdir = /tmp
	java.library.path = /usr/java/packages/lib/amd64:/usr/lib64:/lib64:/lib:/usr/lib
	java.net.preferIPv4Stack = true
	java.runtime.name = Java(TM) SE Runtime Environment
	java.runtime.version = 1.8.0_60-b27
	java.specification.name = Java Platform API Specification
	java.specification.vendor = Oracle Corporation
	java.specification.version = 1.8
	java.util.logging.manager = org.jboss.logmanager.LogManager
	java.vendor = Oracle Corporation
	java.vendor.url = http://java.oracle.com/
	java.vendor.url.bug = http://bugreport.sun.com/bugreport/
	java.version = 1.8.0_60
	java.vm.info = mixed mode
	java.vm.name = Java HotSpot(TM) 64-Bit Server VM
	java.vm.specification.name = Java Virtual Machine Specification
	java.vm.specification.vendor = Oracle Corporation
	java.vm.specification.version = 1.8
	java.vm.vendor = Oracle Corporation
	java.vm.version = 25.60-b23
	javax.management.builder.initial = org.jboss.as.jmx.PluggableMBeanServerBuilder
	javax.xml.datatype.DatatypeFactory = __redirected.__DatatypeFactory
	javax.xml.parsers.DocumentBuilderFactory = __redirected.__DocumentBuilderFactory
	javax.xml.parsers.SAXParserFactory = __redirected.__SAXParserFactory
	javax.xml.stream.XMLEventFactory = __redirected.__XMLEventFactory
	javax.xml.stream.XMLInputFactory = __redirected.__XMLInputFactory
	javax.xml.stream.XMLOutputFactory = __redirected.__XMLOutputFactory
	javax.xml.transform.TransformerFactory = __redirected.__TransformerFactory
	javax.xml.validation.SchemaFactory:http://www.w3.org/2001/XMLSchema = __redirected.__SchemaFactory
	javax.xml.xpath.XPathFactory:http://java.sun.com/jaxp/xpath/dom = __redirected.__XPathFactory
	jboss.bind.address = localhost
	jboss.bind.address.management = localhost
	jboss.home.dir = /home/bartek/MERCURY/WORKSPACE/MERCURY-REPOSITORY/wildfly-8.2.0.Final
	jboss.host.name = bartek-n-a
	jboss.modules.dir = /home/bartek/MERCURY/WORKSPACE/MERCURY-REPOSITORY/wildfly-8.2.0.Final/modules
	jboss.modules.system.pkgs = org.jboss.byteman
	jboss.node.name = bartek-n-a
	jboss.qualified.host.name = bartek-n-a
	jboss.server.base.dir = /home/bartek/MERCURY/WORKSPACE/MERCURY-REPOSITORY/wildfly-8.2.0.Final/standalone
	jboss.server.config.dir = /home/bartek/MERCURY/WORKSPACE/MERCURY-REPOSITORY/wildfly-8.2.0.Final/standalone/configuration
	jboss.server.data.dir = /home/bartek/MERCURY/WORKSPACE/MERCURY-REPOSITORY/wildfly-8.2.0.Final/standalone/data
	jboss.server.deploy.dir = /home/bartek/MERCURY/WORKSPACE/MERCURY-REPOSITORY/wildfly-8.2.0.Final/standalone/data/content
	jboss.server.log.dir = /home/bartek/MERCURY/WORKSPACE/MERCURY-REPOSITORY/wildfly-8.2.0.Final/standalone/log
	jboss.server.name = bartek-n-a
	jboss.server.persist.config = true
	jboss.server.temp.dir = /home/bartek/MERCURY/WORKSPACE/MERCURY-REPOSITORY/wildfly-8.2.0.Final/standalone/tmp
	line.separator = 

	logging.configuration = file:/home/bartek/MERCURY/WORKSPACE/MERCURY-REPOSITORY/wildfly-8.2.0.Final/standalone/configuration/logging.properties
	module.path = /home/bartek/MERCURY/WORKSPACE/MERCURY-REPOSITORY/wildfly-8.2.0.Final/modules
	org.jboss.boot.log.file = /home/bartek/MERCURY/WORKSPACE/MERCURY-REPOSITORY/wildfly-8.2.0.Final/standalone/log/boot.log
	org.jboss.logmanager.nocolor = true
	org.jboss.resolver.warning = true
	org.xml.sax.driver = __redirected.__XMLReaderFactory
	os.arch = amd64
	os.name = Linux
	os.version = 3.19.0-25-generic
	path.separator = :
	program.name = JBossTools: WildFly 8.x
	sun.arch.data.model = 64
	sun.boot.class.path = /usr/lib/jvm/java-8-oracle/jre/lib/resources.jar:/usr/lib/jvm/java-8-oracle/jre/lib/rt.jar:/usr/lib/jvm/java-8-oracle/jre/lib/sunrsasign.jar:/usr/lib/jvm/java-8-oracle/jre/lib/jsse.jar:/usr/lib/jvm/java-8-oracle/jre/lib/jce.jar:/usr/lib/jvm/java-8-oracle/jre/lib/charsets.jar:/usr/lib/jvm/java-8-oracle/jre/lib/jfr.jar:/usr/lib/jvm/java-8-oracle/jre/classes
	sun.boot.library.path = /usr/lib/jvm/java-8-oracle/jre/lib/amd64
	sun.cpu.endian = little
	sun.cpu.isalist = 
	sun.desktop = gnome
	sun.io.unicode.encoding = UnicodeLittle
	sun.java.command = org.jboss.modules.Main -mp /home/bartek/MERCURY/WORKSPACE/MERCURY-REPOSITORY/wildfly-8.2.0.Final/modules -jaxpmodule javax.xml.jaxp-provider org.jboss.as.standalone -b localhost --server-config=standalone.xml -Djboss.server.base.dir=/home/bartek/MERCURY/WORKSPACE/MERCURY-REPOSITORY/wildfly-8.2.0.Final/standalone
	sun.java.launcher = SUN_STANDARD
	sun.jnu.encoding = UTF-8
	sun.management.compiler = HotSpot 64-Bit Tiered Compilers
	sun.os.patch.level = unknown
	sun.rmi.dgc.client.gcInterval = 3600000
	sun.rmi.dgc.server.gcInterval = 3600000
	user.country = PL
	user.dir = /home/bartek/MERCURY/WORKSPACE/MERCURY-REPOSITORY/wildfly-8.2.0.Final/bin
	user.home = /home/bartek
	user.language = pl
	user.name = bartek
	user.timezone = Europe/Warsaw
2015-10-24 00:13:35,541 DEBUG [org.jboss.as.config] (MSC service thread 1-1) VM Arguments: -agentlib:jdwp=transport=dt_socket,suspend=y,address=localhost:59106 -Dprogram.name=JBossTools: WildFly 8.x -Xms64m -Xmx512m -XX:MaxPermSize=256m -Dorg.jboss.resolver.warning=true -Djava.net.preferIPv4Stack=true -Dsun.rmi.dgc.client.gcInterval=3600000 -Dsun.rmi.dgc.server.gcInterval=3600000 -Djboss.modules.system.pkgs=org.jboss.byteman -Djava.awt.headless=true -Dorg.jboss.boot.log.file=/home/bartek/MERCURY/WORKSPACE/MERCURY-REPOSITORY/wildfly-8.2.0.Final/standalone/log/boot.log -Dlogging.configuration=file:/home/bartek/MERCURY/WORKSPACE/MERCURY-REPOSITORY/wildfly-8.2.0.Final/standalone/configuration/logging.properties -Djboss.home.dir=/home/bartek/MERCURY/WORKSPACE/MERCURY-REPOSITORY/wildfly-8.2.0.Final -Dorg.jboss.logmanager.nocolor=true -Djboss.bind.address.management=localhost -Dfile.encoding=UTF-8 
2015-10-24 00:13:37,891 INFO  [org.jboss.as.controller.management-deprecated] (Controller Boot Thread) JBAS014627: Attribute any-ipv4-address is deprecated, and it might be removed in future version!
2015-10-24 00:13:37,894 INFO  [org.jboss.as.controller.management-deprecated] (Controller Boot Thread) JBAS014627: Attribute any-ipv4-address is deprecated, and it might be removed in future version!
2015-10-24 00:13:37,997 INFO  [org.jboss.as.server.deployment.scanner] (DeploymentScanner-threads - 1) JBAS015003: Found mercury.ear in deployment directory. To trigger deployment create a file called mercury.ear.dodeploy
2015-10-24 00:13:38,070 INFO  [org.jboss.as.server] (Controller Boot Thread) JBAS015888: Creating http management service using socket-binding (management-http)
2015-10-24 00:13:38,129 INFO  [org.xnio] (MSC service thread 1-2) XNIO version 3.3.0.Final
2015-10-24 00:13:38,197 INFO  [org.xnio.nio] (MSC service thread 1-2) XNIO NIO Implementation Version 3.3.0.Final
2015-10-24 00:13:38,274 INFO  [org.jboss.as.naming] (ServerService Thread Pool -- 40) JBAS011800: Activating Naming Subsystem
2015-10-24 00:13:38,306 INFO  [org.jboss.as.security] (ServerService Thread Pool -- 45) JBAS013171: Activating Security Subsystem
2015-10-24 00:13:38,314 INFO  [org.jboss.as.clustering.infinispan] (ServerService Thread Pool -- 32) JBAS010280: Activating Infinispan subsystem.
2015-10-24 00:13:38,320 INFO  [org.jboss.as.jsf] (ServerService Thread Pool -- 38) JBAS012615: Activated the following JSF Implementations: [main]
2015-10-24 00:13:38,330 WARN  [org.jboss.as.txn] (ServerService Thread Pool -- 46) JBAS010153: Node identifier property is set to the default value. Please make sure it is unique.
2015-10-24 00:13:38,339 INFO  [org.wildfly.extension.io] (ServerService Thread Pool -- 31) WFLYIO001: Worker 'default' has auto-configured to 4 core threads with 32 task threads based on your 2 available processors
2015-10-24 00:13:38,385 INFO  [org.jboss.as.security] (MSC service thread 1-1) JBAS013170: Current PicketBox version=4.0.21.Final
2015-10-24 00:13:38,444 INFO  [org.jboss.as.webservices] (ServerService Thread Pool -- 48) JBAS015537: Activating WebServices Extension
2015-10-24 00:13:38,658 INFO  [org.jboss.as.connector.logging] (MSC service thread 1-4) JBAS010408: Starting JCA Subsystem (IronJacamar 1.1.9.Final)
2015-10-24 00:13:38,715 INFO  [org.wildfly.extension.undertow] (ServerService Thread Pool -- 47) JBAS017502: Undertow 1.1.0.Final starting
2015-10-24 00:13:38,750 INFO  [org.jboss.remoting] (MSC service thread 1-2) JBoss Remoting version 4.0.6.Final
2015-10-24 00:13:38,865 INFO  [org.jboss.as.connector.subsystems.datasources] (ServerService Thread Pool -- 27) JBAS010403: Deploying JDBC-compliant driver class org.h2.Driver (version 1.3)
2015-10-24 00:13:38,969 INFO  [org.wildfly.extension.undertow] (MSC service thread 1-1) JBAS017502: Undertow 1.1.0.Final starting
2015-10-24 00:13:39,010 INFO  [org.jboss.as.naming] (MSC service thread 1-3) JBAS011802: Starting Naming Service
2015-10-24 00:13:39,046 INFO  [org.jboss.as.mail.extension] (MSC service thread 1-1) JBAS015400: Bound mail session [java:jboss/mail/Default]
2015-10-24 00:13:39,074 INFO  [org.jboss.as.connector.deployers.jdbc] (MSC service thread 1-4) JBAS010417: Started Driver service with driver-name = h2
2015-10-24 00:13:39,188 INFO  [org.wildfly.extension.undertow] (ServerService Thread Pool -- 47) JBAS017527: Creating file handler for path /home/bartek/MERCURY/WORKSPACE/MERCURY-REPOSITORY/wildfly-8.2.0.Final/welcome-content
2015-10-24 00:13:39,419 INFO  [org.wildfly.extension.undertow] (MSC service thread 1-4) JBAS017525: Started server default-server.
2015-10-24 00:13:39,724 INFO  [org.wildfly.extension.undertow] (MSC service thread 1-4) JBAS017531: Host default-host starting
2015-10-24 00:13:39,922 INFO  [org.wildfly.extension.undertow] (MSC service thread 1-1) JBAS017519: Undertow HTTP listener default listening on /0.0.0.0:8080
2015-10-24 00:13:40,406 INFO  [org.jboss.as.server.deployment.scanner] (MSC service thread 1-4) JBAS015012: Started FileSystemDeploymentService for directory /home/bartek/MERCURY/WORKSPACE/MERCURY-REPOSITORY/wildfly-8.2.0.Final/standalone/deployments
2015-10-24 00:13:40,425 INFO  [org.jboss.as.server.deployment] (MSC service thread 1-3) JBAS015876: Starting deployment of "postgresql-9.4-1201.jdbc4.jar" (runtime-name: "postgresql-9.4-1201.jdbc4.jar")
2015-10-24 00:13:40,437 INFO  [org.jboss.as.server.deployment] (MSC service thread 1-4) JBAS015876: Starting deployment of "mercury.ear" (runtime-name: "mercury.ear")
2015-10-24 00:13:40,885 INFO  [org.jboss.as.connector.subsystems.datasources] (MSC service thread 1-4) JBAS010400: Bound data source [java:jboss/datasources/ExampleDS]
2015-10-24 00:13:41,662 INFO  [org.jboss.ws.common.management] (MSC service thread 1-1) JBWS022052: Starting JBoss Web Services - Stack CXF Server 4.3.2.Final
2015-10-24 00:13:41,781 INFO  [org.jboss.as.connector.deployers.jdbc] (MSC service thread 1-1) JBAS010404: Deploying non-JDBC-compliant driver class org.postgresql.Driver (version 9.4)
2015-10-24 00:13:41,998 INFO  [org.jboss.as.connector.deployers.jdbc] (MSC service thread 1-4) JBAS010417: Started Driver service with driver-name = postgresql-9.4-1201.jdbc4.jar
2015-10-24 00:13:42,001 INFO  [org.jboss.as.connector.subsystems.datasources] (MSC service thread 1-4) JBAS010400: Bound data source [java:jboss/mercuryDataSource]
2015-10-24 00:13:42,001 INFO  [org.jboss.as.connector.subsystems.datasources] (MSC service thread 1-4) JBAS010400: Bound data source [java:jboss/mercuryTestDataSource]
2015-10-24 00:13:43,845 WARN  [org.jboss.as.server.deployment] (MSC service thread 1-2) JBAS015960: Class Path entry jaxb-api.jar in /home/bartek/MERCURY/WORKSPACE/MERCURY-REPOSITORY/wildfly-8.2.0.Final/standalone/deployments/mercury.ear/lib/jaxb-impl-2.2.7.jar  does not point to a valid jar for a Class-Path reference.
2015-10-24 00:13:43,845 WARN  [org.jboss.as.server.deployment] (MSC service thread 1-2) JBAS015960: Class Path entry jaxb-core.jar in /home/bartek/MERCURY/WORKSPACE/MERCURY-REPOSITORY/wildfly-8.2.0.Final/standalone/deployments/mercury.ear/lib/jaxb-impl-2.2.7.jar  does not point to a valid jar for a Class-Path reference.
2015-10-24 00:13:43,851 WARN  [org.jboss.as.server.deployment] (MSC service thread 1-2) JBAS015960: Class Path entry xml-apis.jar in /home/bartek/MERCURY/WORKSPACE/MERCURY-REPOSITORY/wildfly-8.2.0.Final/standalone/deployments/mercury.ear/lib/serializer-2.7.1.jar  does not point to a valid jar for a Class-Path reference.
2015-10-24 00:13:43,856 WARN  [org.jboss.as.server.deployment] (MSC service thread 1-2) JBAS015960: Class Path entry xercesImpl.jar in /home/bartek/MERCURY/WORKSPACE/MERCURY-REPOSITORY/wildfly-8.2.0.Final/standalone/deployments/mercury.ear/lib/xalan-2.7.1.jar  does not point to a valid jar for a Class-Path reference.
2015-10-24 00:13:43,857 WARN  [org.jboss.as.server.deployment] (MSC service thread 1-2) JBAS015960: Class Path entry xml-apis.jar in /home/bartek/MERCURY/WORKSPACE/MERCURY-REPOSITORY/wildfly-8.2.0.Final/standalone/deployments/mercury.ear/lib/xalan-2.7.1.jar  does not point to a valid jar for a Class-Path reference.
2015-10-24 00:13:43,858 WARN  [org.jboss.as.server.deployment] (MSC service thread 1-2) JBAS015960: Class Path entry serializer.jar in /home/bartek/MERCURY/WORKSPACE/MERCURY-REPOSITORY/wildfly-8.2.0.Final/standalone/deployments/mercury.ear/lib/xalan-2.7.1.jar  does not point to a valid jar for a Class-Path reference.
2015-10-24 00:13:43,868 WARN  [org.jboss.as.server.deployment] (MSC service thread 1-2) JBAS015960: Class Path entry jaxb-api.jar in /home/bartek/MERCURY/WORKSPACE/MERCURY-REPOSITORY/wildfly-8.2.0.Final/standalone/deployments/mercury.ear/lib/jaxb-core-2.2.7.jar  does not point to a valid jar for a Class-Path reference.
2015-10-24 00:13:43,888 INFO  [org.jboss.as.server.deployment] (MSC service thread 1-1) JBAS015973: Starting subdeployment (runtime-name: "mercury-server-1.0.0-SNAPSHOT.jar")
2015-10-24 00:13:44,007 INFO  [org.jboss.as.jpa] (MSC service thread 1-1) JBAS011401: Read persistence.xml for mercuryPersister
2015-10-24 00:13:44,216 INFO  [org.jboss.weld.deployer] (MSC service thread 1-4) JBAS016002: Processing weld deployment mercury.ear
2015-10-24 00:13:44,231 INFO  [org.jboss.as.jpa] (ServerService Thread Pool -- 50) JBAS011409: Starting Persistence Unit (phase 1 of 2) Service 'mercury.ear/mercury-server-1.0.0-SNAPSHOT.jar#mercuryPersister'
2015-10-24 00:13:44,256 INFO  [org.hibernate.jpa.internal.util.LogHelper] (ServerService Thread Pool -- 50) HHH000204: Processing PersistenceUnitInfo [
	name: mercuryPersister
	...]
2015-10-24 00:13:44,414 INFO  [org.hibernate.validator.internal.util.Version] (MSC service thread 1-4) HV000001: Hibernate Validator 5.1.3.Final
2015-10-24 00:13:44,443 INFO  [org.hibernate.Version] (ServerService Thread Pool -- 50) HHH000412: Hibernate Core {4.3.7.Final}
2015-10-24 00:13:44,451 INFO  [org.hibernate.cfg.Environment] (ServerService Thread Pool -- 50) HHH000206: hibernate.properties not found
2015-10-24 00:13:44,455 INFO  [org.hibernate.cfg.Environment] (ServerService Thread Pool -- 50) HHH000021: Bytecode provider name : javassist
2015-10-24 00:13:44,761 INFO  [org.jboss.weld.deployer] (MSC service thread 1-4) JBAS016002: Processing weld deployment mercury-server-1.0.0-SNAPSHOT.jar
2015-10-24 00:13:44,771 INFO  [org.jboss.as.ejb3.deployment.processors.EjbJndiBindingsDeploymentUnitProcessor] (MSC service thread 1-4) JNDI bindings for session bean named SaleServiceImpl in deployment unit subdeployment "mercury-server-1.0.0-SNAPSHOT.jar" of deployment "mercury.ear" are as follows:

	java:global/mercury/mercury-server-1.0.0-SNAPSHOT/SaleServiceImpl!pl.uz.mercury.service.SaleService
	java:app/mercury-server-1.0.0-SNAPSHOT/SaleServiceImpl!pl.uz.mercury.service.SaleService
	java:module/SaleServiceImpl!pl.uz.mercury.service.SaleService
	java:jboss/exported/mercury/mercury-server-1.0.0-SNAPSHOT/SaleServiceImpl!pl.uz.mercury.service.SaleService
	java:global/mercury/mercury-server-1.0.0-SNAPSHOT/SaleServiceImpl
	java:app/mercury-server-1.0.0-SNAPSHOT/SaleServiceImpl
	java:module/SaleServiceImpl

2015-10-24 00:13:44,775 INFO  [org.jboss.as.ejb3.deployment.processors.EjbJndiBindingsDeploymentUnitProcessor] (MSC service thread 1-4) JNDI bindings for session bean named MercuryDao in deployment unit subdeployment "mercury-server-1.0.0-SNAPSHOT.jar" of deployment "mercury.ear" are as follows:

	java:global/mercury/mercury-server-1.0.0-SNAPSHOT/MercuryDao!pl.uz.mercury.dao.common.MercuryDao
	java:app/mercury-server-1.0.0-SNAPSHOT/MercuryDao!pl.uz.mercury.dao.common.MercuryDao
	java:module/MercuryDao!pl.uz.mercury.dao.common.MercuryDao
	java:global/mercury/mercury-server-1.0.0-SNAPSHOT/MercuryDao
	java:app/mercury-server-1.0.0-SNAPSHOT/MercuryDao
	java:module/MercuryDao

2015-10-24 00:13:44,777 INFO  [org.jboss.as.ejb3.deployment.processors.EjbJndiBindingsDeploymentUnitProcessor] (MSC service thread 1-4) JNDI bindings for session bean named MerchandiseServiceImpl in deployment unit subdeployment "mercury-server-1.0.0-SNAPSHOT.jar" of deployment "mercury.ear" are as follows:

	java:global/mercury/mercury-server-1.0.0-SNAPSHOT/MerchandiseServiceImpl!pl.uz.mercury.service.MerchandiseService
	java:app/mercury-server-1.0.0-SNAPSHOT/MerchandiseServiceImpl!pl.uz.mercury.service.MerchandiseService
	java:module/MerchandiseServiceImpl!pl.uz.mercury.service.MerchandiseService
	java:jboss/exported/mercury/mercury-server-1.0.0-SNAPSHOT/MerchandiseServiceImpl!pl.uz.mercury.service.MerchandiseService
	java:global/mercury/mercury-server-1.0.0-SNAPSHOT/MerchandiseServiceImpl!pl.uz.mercury.service.MerchandiseServiceLocal
	java:app/mercury-server-1.0.0-SNAPSHOT/MerchandiseServiceImpl!pl.uz.mercury.service.MerchandiseServiceLocal
	java:module/MerchandiseServiceImpl!pl.uz.mercury.service.MerchandiseServiceLocal

2015-10-24 00:13:44,780 INFO  [org.jboss.as.ejb3.deployment.processors.EjbJndiBindingsDeploymentUnitProcessor] (MSC service thread 1-4) JNDI bindings for session bean named PurchaseServiceImpl in deployment unit subdeployment "mercury-server-1.0.0-SNAPSHOT.jar" of deployment "mercury.ear" are as follows:

	java:global/mercury/mercury-server-1.0.0-SNAPSHOT/PurchaseServiceImpl!pl.uz.mercury.service.PurchaseService
	java:app/mercury-server-1.0.0-SNAPSHOT/PurchaseServiceImpl!pl.uz.mercury.service.PurchaseService
	java:module/PurchaseServiceImpl!pl.uz.mercury.service.PurchaseService
	java:jboss/exported/mercury/mercury-server-1.0.0-SNAPSHOT/PurchaseServiceImpl!pl.uz.mercury.service.PurchaseService
	java:global/mercury/mercury-server-1.0.0-SNAPSHOT/PurchaseServiceImpl
	java:app/mercury-server-1.0.0-SNAPSHOT/PurchaseServiceImpl
	java:module/PurchaseServiceImpl

2015-10-24 00:13:44,802 INFO  [org.jboss.weld.deployer] (MSC service thread 1-1) JBAS016005: Starting Services for CDI deployment: mercury.ear
2015-10-24 00:13:44,895 INFO  [org.jboss.weld.Version] (MSC service thread 1-1) WELD-000900: 2.2.6 (Final)
2015-10-24 00:13:44,938 INFO  [org.jboss.weld.deployer] (MSC service thread 1-4) JBAS016008: Starting weld service for deployment mercury.ear
2015-10-24 00:13:45,506 INFO  [org.jboss.as.jpa] (ServerService Thread Pool -- 50) JBAS011409: Starting Persistence Unit (phase 2 of 2) Service 'mercury.ear/mercury-server-1.0.0-SNAPSHOT.jar#mercuryPersister'
2015-10-24 00:13:45,675 INFO  [org.hibernate.annotations.common.Version] (ServerService Thread Pool -- 50) HCANN000001: Hibernate Commons Annotations {4.0.4.Final}
2015-10-24 00:13:46,241 INFO  [org.hibernate.dialect.Dialect] (ServerService Thread Pool -- 50) HHH000400: Using dialect: org.hibernate.dialect.PostgreSQLDialect
2015-10-24 00:13:46,291 INFO  [org.hibernate.engine.jdbc.internal.LobCreatorBuilder] (ServerService Thread Pool -- 50) HHH000424: Disabling contextual LOB creation as createClob() method threw error : java.lang.reflect.InvocationTargetException
2015-10-24 00:13:46,524 INFO  [org.hibernate.hql.internal.ast.ASTQueryTranslatorFactory] (ServerService Thread Pool -- 50) HHH000397: Using ASTQueryTranslatorFactory
2015-10-24 00:13:49,191 INFO  [org.jboss.as.server] (ServerService Thread Pool -- 28) JBAS018559: Deployed "mercury.ear" (runtime-name : "mercury.ear")
2015-10-24 00:13:49,192 INFO  [org.jboss.as.server] (ServerService Thread Pool -- 28) JBAS018559: Deployed "postgresql-9.4-1201.jdbc4.jar" (runtime-name : "postgresql-9.4-1201.jdbc4.jar")
2015-10-24 00:13:49,217 INFO  [org.jboss.as] (Controller Boot Thread) JBAS015961: Http management interface listening on http://0.0.0.0:9990/management
2015-10-24 00:13:49,220 INFO  [org.jboss.as] (Controller Boot Thread) JBAS015951: Admin console listening on http://0.0.0.0:9990
2015-10-24 00:13:49,222 INFO  [org.jboss.as] (Controller Boot Thread) JBAS015874: WildFly 8.2.0.Final "Tweek" started in 14653ms - Started 445 of 511 services (106 services are lazy, passive or on-demand)
2015-10-24 01:26:54,533 INFO  [org.jboss.as.connector.subsystems.datasources] (MSC service thread 1-3) JBAS010409: Unbound data source [java:jboss/mercuryTestDataSource]
2015-10-24 01:26:54,558 INFO  [org.wildfly.extension.undertow] (MSC service thread 1-3) JBAS017532: Host default-host stopping
2015-10-24 01:26:54,604 INFO  [org.jboss.as.connector.subsystems.datasources] (MSC service thread 1-4) JBAS010409: Unbound data source [java:jboss/datasources/ExampleDS]
2015-10-24 01:26:54,679 INFO  [org.jboss.as.connector.deployers.jdbc] (MSC service thread 1-3) JBAS010418: Stopped Driver service with driver-name = h2
2015-10-24 01:26:54,757 INFO  [org.jboss.as.jpa] (ServerService Thread Pool -- 55) JBAS011410: Stopping Persistence Unit (phase 2 of 2) Service 'mercury.ear/mercury-server-1.0.0-SNAPSHOT.jar#mercuryPersister'
2015-10-24 01:26:54,874 INFO  [org.jboss.weld.deployer] (MSC service thread 1-2) JBAS016009: Stopping weld service for deployment mercury.ear
2015-10-24 01:26:54,967 INFO  [org.jboss.as.jpa] (ServerService Thread Pool -- 55) JBAS011410: Stopping Persistence Unit (phase 1 of 2) Service 'mercury.ear/mercury-server-1.0.0-SNAPSHOT.jar#mercuryPersister'
2015-10-24 01:26:55,012 INFO  [org.jboss.as.connector.subsystems.datasources] (MSC service thread 1-3) JBAS010409: Unbound data source [java:jboss/mercuryDataSource]
2015-10-24 01:26:55,023 INFO  [org.jboss.as.server.deployment] (MSC service thread 1-1) JBAS015974: Stopped subdeployment (runtime-name: mercury-server-1.0.0-SNAPSHOT.jar) in 570ms
2015-10-24 01:26:55,042 INFO  [org.jboss.as.connector.deployers.jdbc] (MSC service thread 1-4) JBAS010418: Stopped Driver service with driver-name = postgresql-9.4-1201.jdbc4.jar
2015-10-24 01:26:55,149 INFO  [org.wildfly.extension.undertow] (MSC service thread 1-4) JBAS017521: Undertow HTTP listener default suspending
2015-10-24 01:26:55,159 INFO  [org.jboss.as.server.deployment] (MSC service thread 1-2) JBAS015877: Stopped deployment postgresql-9.4-1201.jdbc4.jar (runtime-name: postgresql-9.4-1201.jdbc4.jar) in 709ms
2015-10-24 01:26:55,284 INFO  [org.wildfly.extension.undertow] (MSC service thread 1-4) JBAS017520: Undertow HTTP listener default stopped, was bound to /0.0.0.0:8080
2015-10-24 01:26:55,298 INFO  [org.jboss.as.server.deployment] (MSC service thread 1-3) JBAS015877: Stopped deployment mercury.ear (runtime-name: mercury.ear) in 837ms
2015-10-24 01:26:55,359 INFO  [org.wildfly.extension.undertow] (MSC service thread 1-2) JBAS017506: Undertow 1.1.0.Final stopping
2015-10-24 01:26:55,443 INFO  [org.jboss.as] (MSC service thread 1-2) JBAS015950: WildFly 8.2.0.Final "Tweek" stopped in 981ms
2015-10-24 01:27:40,754 INFO  [org.jboss.modules] (main) JBoss Modules version 1.3.3.Final
2015-10-24 01:27:41,289 INFO  [org.jboss.msc] (main) JBoss MSC version 1.2.2.Final
2015-10-24 01:27:41,456 INFO  [org.jboss.as] (MSC service thread 1-1) JBAS015899: WildFly 8.2.0.Final "Tweek" starting
2015-10-24 01:27:41,469 DEBUG [org.jboss.as.config] (MSC service thread 1-1) Configured system properties:
	awt.toolkit = sun.awt.X11.XToolkit
	file.encoding = UTF-8
	file.encoding.pkg = sun.io
	file.separator = /
	java.awt.graphicsenv = sun.awt.X11GraphicsEnvironment
	java.awt.headless = true
	java.awt.printerjob = sun.print.PSPrinterJob
	java.class.path = /home/bartek/MERCURY/WORKSPACE/MERCURY-REPOSITORY/wildfly-8.2.0.Final/jboss-modules.jar
	java.class.version = 52.0
	java.endorsed.dirs = /usr/lib/jvm/java-8-oracle/jre/lib/endorsed
	java.ext.dirs = /usr/lib/jvm/java-8-oracle/jre/lib/ext:/usr/java/packages/lib/ext
	java.home = /usr/lib/jvm/java-8-oracle/jre
	java.io.tmpdir = /tmp
	java.library.path = /usr/java/packages/lib/amd64:/usr/lib64:/lib64:/lib:/usr/lib
	java.net.preferIPv4Stack = true
	java.runtime.name = Java(TM) SE Runtime Environment
	java.runtime.version = 1.8.0_60-b27
	java.specification.name = Java Platform API Specification
	java.specification.vendor = Oracle Corporation
	java.specification.version = 1.8
	java.util.logging.manager = org.jboss.logmanager.LogManager
	java.vendor = Oracle Corporation
	java.vendor.url = http://java.oracle.com/
	java.vendor.url.bug = http://bugreport.sun.com/bugreport/
	java.version = 1.8.0_60
	java.vm.info = mixed mode
	java.vm.name = Java HotSpot(TM) 64-Bit Server VM
	java.vm.specification.name = Java Virtual Machine Specification
	java.vm.specification.vendor = Oracle Corporation
	java.vm.specification.version = 1.8
	java.vm.vendor = Oracle Corporation
	java.vm.version = 25.60-b23
	javax.management.builder.initial = org.jboss.as.jmx.PluggableMBeanServerBuilder
	javax.xml.datatype.DatatypeFactory = __redirected.__DatatypeFactory
	javax.xml.parsers.DocumentBuilderFactory = __redirected.__DocumentBuilderFactory
	javax.xml.parsers.SAXParserFactory = __redirected.__SAXParserFactory
	javax.xml.stream.XMLEventFactory = __redirected.__XMLEventFactory
	javax.xml.stream.XMLInputFactory = __redirected.__XMLInputFactory
	javax.xml.stream.XMLOutputFactory = __redirected.__XMLOutputFactory
	javax.xml.transform.TransformerFactory = __redirected.__TransformerFactory
	javax.xml.validation.SchemaFactory:http://www.w3.org/2001/XMLSchema = __redirected.__SchemaFactory
	javax.xml.xpath.XPathFactory:http://java.sun.com/jaxp/xpath/dom = __redirected.__XPathFactory
	jboss.bind.address = localhost
	jboss.bind.address.management = localhost
	jboss.home.dir = /home/bartek/MERCURY/WORKSPACE/MERCURY-REPOSITORY/wildfly-8.2.0.Final
	jboss.host.name = bartek-n-a
	jboss.modules.dir = /home/bartek/MERCURY/WORKSPACE/MERCURY-REPOSITORY/wildfly-8.2.0.Final/modules
	jboss.modules.system.pkgs = org.jboss.byteman
	jboss.node.name = bartek-n-a
	jboss.qualified.host.name = bartek-n-a
	jboss.server.base.dir = /home/bartek/MERCURY/WORKSPACE/MERCURY-REPOSITORY/wildfly-8.2.0.Final/standalone
	jboss.server.config.dir = /home/bartek/MERCURY/WORKSPACE/MERCURY-REPOSITORY/wildfly-8.2.0.Final/standalone/configuration
	jboss.server.data.dir = /home/bartek/MERCURY/WORKSPACE/MERCURY-REPOSITORY/wildfly-8.2.0.Final/standalone/data
	jboss.server.deploy.dir = /home/bartek/MERCURY/WORKSPACE/MERCURY-REPOSITORY/wildfly-8.2.0.Final/standalone/data/content
	jboss.server.log.dir = /home/bartek/MERCURY/WORKSPACE/MERCURY-REPOSITORY/wildfly-8.2.0.Final/standalone/log
	jboss.server.name = bartek-n-a
	jboss.server.persist.config = true
	jboss.server.temp.dir = /home/bartek/MERCURY/WORKSPACE/MERCURY-REPOSITORY/wildfly-8.2.0.Final/standalone/tmp
	line.separator = 

	logging.configuration = file:/home/bartek/MERCURY/WORKSPACE/MERCURY-REPOSITORY/wildfly-8.2.0.Final/standalone/configuration/logging.properties
	module.path = /home/bartek/MERCURY/WORKSPACE/MERCURY-REPOSITORY/wildfly-8.2.0.Final/modules
	org.jboss.boot.log.file = /home/bartek/MERCURY/WORKSPACE/MERCURY-REPOSITORY/wildfly-8.2.0.Final/standalone/log/boot.log
	org.jboss.logmanager.nocolor = true
	org.jboss.resolver.warning = true
	org.xml.sax.driver = __redirected.__XMLReaderFactory
	os.arch = amd64
	os.name = Linux
	os.version = 3.19.0-25-generic
	path.separator = :
	program.name = JBossTools: WildFly 8.x
	sun.arch.data.model = 64
	sun.boot.class.path = /usr/lib/jvm/java-8-oracle/jre/lib/resources.jar:/usr/lib/jvm/java-8-oracle/jre/lib/rt.jar:/usr/lib/jvm/java-8-oracle/jre/lib/sunrsasign.jar:/usr/lib/jvm/java-8-oracle/jre/lib/jsse.jar:/usr/lib/jvm/java-8-oracle/jre/lib/jce.jar:/usr/lib/jvm/java-8-oracle/jre/lib/charsets.jar:/usr/lib/jvm/java-8-oracle/jre/lib/jfr.jar:/usr/lib/jvm/java-8-oracle/jre/classes
	sun.boot.library.path = /usr/lib/jvm/java-8-oracle/jre/lib/amd64
	sun.cpu.endian = little
	sun.cpu.isalist = 
	sun.desktop = gnome
	sun.io.unicode.encoding = UnicodeLittle
	sun.java.command = org.jboss.modules.Main -mp /home/bartek/MERCURY/WORKSPACE/MERCURY-REPOSITORY/wildfly-8.2.0.Final/modules -jaxpmodule javax.xml.jaxp-provider org.jboss.as.standalone -b localhost --server-config=standalone.xml -Djboss.server.base.dir=/home/bartek/MERCURY/WORKSPACE/MERCURY-REPOSITORY/wildfly-8.2.0.Final/standalone
	sun.java.launcher = SUN_STANDARD
	sun.jnu.encoding = UTF-8
	sun.management.compiler = HotSpot 64-Bit Tiered Compilers
	sun.os.patch.level = unknown
	sun.rmi.dgc.client.gcInterval = 3600000
	sun.rmi.dgc.server.gcInterval = 3600000
	user.country = PL
	user.dir = /home/bartek/MERCURY/WORKSPACE/MERCURY-REPOSITORY/wildfly-8.2.0.Final/bin
	user.home = /home/bartek
	user.language = pl
	user.name = bartek
	user.timezone = Europe/Warsaw
2015-10-24 01:27:41,473 DEBUG [org.jboss.as.config] (MSC service thread 1-1) VM Arguments: -agentlib:jdwp=transport=dt_socket,suspend=y,address=localhost:38081 -Dprogram.name=JBossTools: WildFly 8.x -Xms64m -Xmx512m -XX:MaxPermSize=256m -Dorg.jboss.resolver.warning=true -Djava.net.preferIPv4Stack=true -Dsun.rmi.dgc.client.gcInterval=3600000 -Dsun.rmi.dgc.server.gcInterval=3600000 -Djboss.modules.system.pkgs=org.jboss.byteman -Djava.awt.headless=true -Dorg.jboss.boot.log.file=/home/bartek/MERCURY/WORKSPACE/MERCURY-REPOSITORY/wildfly-8.2.0.Final/standalone/log/boot.log -Dlogging.configuration=file:/home/bartek/MERCURY/WORKSPACE/MERCURY-REPOSITORY/wildfly-8.2.0.Final/standalone/configuration/logging.properties -Djboss.home.dir=/home/bartek/MERCURY/WORKSPACE/MERCURY-REPOSITORY/wildfly-8.2.0.Final -Dorg.jboss.logmanager.nocolor=true -Djboss.bind.address.management=localhost -Dfile.encoding=UTF-8 
2015-10-24 01:27:44,085 INFO  [org.jboss.as.controller.management-deprecated] (Controller Boot Thread) JBAS014627: Attribute any-ipv4-address is deprecated, and it might be removed in future version!
2015-10-24 01:27:44,088 INFO  [org.jboss.as.controller.management-deprecated] (Controller Boot Thread) JBAS014627: Attribute any-ipv4-address is deprecated, and it might be removed in future version!
2015-10-24 01:27:44,236 INFO  [org.jboss.as.server.deployment.scanner] (DeploymentScanner-threads - 1) JBAS015003: Found mercury.ear in deployment directory. To trigger deployment create a file called mercury.ear.dodeploy
2015-10-24 01:27:44,300 INFO  [org.jboss.as.server] (Controller Boot Thread) JBAS015888: Creating http management service using socket-binding (management-http)
2015-10-24 01:27:44,386 INFO  [org.xnio] (MSC service thread 1-1) XNIO version 3.3.0.Final
2015-10-24 01:27:44,415 INFO  [org.xnio.nio] (MSC service thread 1-1) XNIO NIO Implementation Version 3.3.0.Final
2015-10-24 01:27:44,537 INFO  [org.jboss.as.clustering.infinispan] (ServerService Thread Pool -- 32) JBAS010280: Activating Infinispan subsystem.
2015-10-24 01:27:44,540 INFO  [org.wildfly.extension.io] (ServerService Thread Pool -- 31) WFLYIO001: Worker 'default' has auto-configured to 4 core threads with 32 task threads based on your 2 available processors
2015-10-24 01:27:44,580 INFO  [org.jboss.as.security] (ServerService Thread Pool -- 45) JBAS013171: Activating Security Subsystem
2015-10-24 01:27:44,613 WARN  [org.jboss.as.txn] (ServerService Thread Pool -- 46) JBAS010153: Node identifier property is set to the default value. Please make sure it is unique.
2015-10-24 01:27:44,647 INFO  [org.jboss.as.naming] (ServerService Thread Pool -- 40) JBAS011800: Activating Naming Subsystem
2015-10-24 01:27:44,672 INFO  [org.jboss.as.webservices] (ServerService Thread Pool -- 48) JBAS015537: Activating WebServices Extension
2015-10-24 01:27:44,661 INFO  [org.jboss.as.jsf] (ServerService Thread Pool -- 38) JBAS012615: Activated the following JSF Implementations: [main]
2015-10-24 01:27:44,724 INFO  [org.jboss.remoting] (MSC service thread 1-1) JBoss Remoting version 4.0.6.Final
2015-10-24 01:27:44,890 INFO  [org.wildfly.extension.undertow] (ServerService Thread Pool -- 47) JBAS017502: Undertow 1.1.0.Final starting
2015-10-24 01:27:44,922 INFO  [org.wildfly.extension.undertow] (MSC service thread 1-2) JBAS017502: Undertow 1.1.0.Final starting
2015-10-24 01:27:44,943 INFO  [org.jboss.as.security] (MSC service thread 1-4) JBAS013170: Current PicketBox version=4.0.21.Final
2015-10-24 01:27:44,962 INFO  [org.jboss.as.connector.logging] (MSC service thread 1-3) JBAS010408: Starting JCA Subsystem (IronJacamar 1.1.9.Final)
2015-10-24 01:27:44,966 INFO  [org.jboss.as.connector.subsystems.datasources] (ServerService Thread Pool -- 27) JBAS010403: Deploying JDBC-compliant driver class org.h2.Driver (version 1.3)
2015-10-24 01:27:45,331 INFO  [org.jboss.as.mail.extension] (MSC service thread 1-3) JBAS015400: Bound mail session [java:jboss/mail/Default]
2015-10-24 01:27:45,398 INFO  [org.jboss.as.naming] (MSC service thread 1-1) JBAS011802: Starting Naming Service
2015-10-24 01:27:45,422 INFO  [org.jboss.as.connector.deployers.jdbc] (MSC service thread 1-3) JBAS010417: Started Driver service with driver-name = h2
2015-10-24 01:27:45,677 INFO  [org.wildfly.extension.undertow] (ServerService Thread Pool -- 47) JBAS017527: Creating file handler for path /home/bartek/MERCURY/WORKSPACE/MERCURY-REPOSITORY/wildfly-8.2.0.Final/welcome-content
2015-10-24 01:27:45,879 INFO  [org.wildfly.extension.undertow] (MSC service thread 1-1) JBAS017525: Started server default-server.
2015-10-24 01:27:46,222 INFO  [org.wildfly.extension.undertow] (MSC service thread 1-4) JBAS017531: Host default-host starting
2015-10-24 01:27:46,619 INFO  [org.wildfly.extension.undertow] (MSC service thread 1-1) JBAS017519: Undertow HTTP listener default listening on /0.0.0.0:8080
2015-10-24 01:27:46,913 INFO  [org.jboss.as.server.deployment] (MSC service thread 1-4) JBAS015876: Starting deployment of "mercury.ear" (runtime-name: "mercury.ear")
2015-10-24 01:27:46,919 INFO  [org.jboss.as.server.deployment] (MSC service thread 1-2) JBAS015876: Starting deployment of "postgresql-9.4-1201.jdbc4.jar" (runtime-name: "postgresql-9.4-1201.jdbc4.jar")
2015-10-24 01:27:46,935 INFO  [org.jboss.as.server.deployment.scanner] (MSC service thread 1-4) JBAS015012: Started FileSystemDeploymentService for directory /home/bartek/MERCURY/WORKSPACE/MERCURY-REPOSITORY/wildfly-8.2.0.Final/standalone/deployments
2015-10-24 01:27:47,359 INFO  [org.jboss.as.connector.subsystems.datasources] (MSC service thread 1-1) JBAS010400: Bound data source [java:jboss/datasources/ExampleDS]
2015-10-24 01:27:48,413 INFO  [org.jboss.ws.common.management] (MSC service thread 1-3) JBWS022052: Starting JBoss Web Services - Stack CXF Server 4.3.2.Final
2015-10-24 01:27:48,506 INFO  [org.jboss.as.connector.deployers.jdbc] (MSC service thread 1-1) JBAS010404: Deploying non-JDBC-compliant driver class org.postgresql.Driver (version 9.4)
2015-10-24 01:27:48,616 INFO  [org.jboss.as.connector.deployers.jdbc] (MSC service thread 1-3) JBAS010417: Started Driver service with driver-name = postgresql-9.4-1201.jdbc4.jar
2015-10-24 01:27:48,655 INFO  [org.jboss.as.connector.subsystems.datasources] (MSC service thread 1-1) JBAS010400: Bound data source [java:jboss/mercuryDataSource]
2015-10-24 01:27:48,665 INFO  [org.jboss.as.connector.subsystems.datasources] (MSC service thread 1-1) JBAS010400: Bound data source [java:jboss/mercuryTestDataSource]
2015-10-24 01:27:50,544 WARN  [org.jboss.as.server.deployment] (MSC service thread 1-4) JBAS015960: Class Path entry jaxb-api.jar in /home/bartek/MERCURY/WORKSPACE/MERCURY-REPOSITORY/wildfly-8.2.0.Final/standalone/deployments/mercury.ear/lib/jaxb-impl-2.2.7.jar  does not point to a valid jar for a Class-Path reference.
2015-10-24 01:27:50,546 WARN  [org.jboss.as.server.deployment] (MSC service thread 1-4) JBAS015960: Class Path entry jaxb-core.jar in /home/bartek/MERCURY/WORKSPACE/MERCURY-REPOSITORY/wildfly-8.2.0.Final/standalone/deployments/mercury.ear/lib/jaxb-impl-2.2.7.jar  does not point to a valid jar for a Class-Path reference.
2015-10-24 01:27:50,551 WARN  [org.jboss.as.server.deployment] (MSC service thread 1-4) JBAS015960: Class Path entry xml-apis.jar in /home/bartek/MERCURY/WORKSPACE/MERCURY-REPOSITORY/wildfly-8.2.0.Final/standalone/deployments/mercury.ear/lib/serializer-2.7.1.jar  does not point to a valid jar for a Class-Path reference.
2015-10-24 01:27:50,555 WARN  [org.jboss.as.server.deployment] (MSC service thread 1-4) JBAS015960: Class Path entry xercesImpl.jar in /home/bartek/MERCURY/WORKSPACE/MERCURY-REPOSITORY/wildfly-8.2.0.Final/standalone/deployments/mercury.ear/lib/xalan-2.7.1.jar  does not point to a valid jar for a Class-Path reference.
2015-10-24 01:27:50,558 WARN  [org.jboss.as.server.deployment] (MSC service thread 1-4) JBAS015960: Class Path entry xml-apis.jar in /home/bartek/MERCURY/WORKSPACE/MERCURY-REPOSITORY/wildfly-8.2.0.Final/standalone/deployments/mercury.ear/lib/xalan-2.7.1.jar  does not point to a valid jar for a Class-Path reference.
2015-10-24 01:27:50,559 WARN  [org.jboss.as.server.deployment] (MSC service thread 1-4) JBAS015960: Class Path entry serializer.jar in /home/bartek/MERCURY/WORKSPACE/MERCURY-REPOSITORY/wildfly-8.2.0.Final/standalone/deployments/mercury.ear/lib/xalan-2.7.1.jar  does not point to a valid jar for a Class-Path reference.
2015-10-24 01:27:50,575 WARN  [org.jboss.as.server.deployment] (MSC service thread 1-4) JBAS015960: Class Path entry jaxb-api.jar in /home/bartek/MERCURY/WORKSPACE/MERCURY-REPOSITORY/wildfly-8.2.0.Final/standalone/deployments/mercury.ear/lib/jaxb-core-2.2.7.jar  does not point to a valid jar for a Class-Path reference.
2015-10-24 01:27:50,596 INFO  [org.jboss.as.server.deployment] (MSC service thread 1-1) JBAS015973: Starting subdeployment (runtime-name: "mercury-server-1.0.0-SNAPSHOT.jar")
2015-10-24 01:27:50,714 INFO  [org.jboss.as.jpa] (MSC service thread 1-3) JBAS011401: Read persistence.xml for mercuryPersister
2015-10-24 01:27:50,956 INFO  [org.jboss.weld.deployer] (MSC service thread 1-1) JBAS016002: Processing weld deployment mercury.ear
2015-10-24 01:27:50,962 INFO  [org.jboss.as.jpa] (ServerService Thread Pool -- 50) JBAS011409: Starting Persistence Unit (phase 1 of 2) Service 'mercury.ear/mercury-server-1.0.0-SNAPSHOT.jar#mercuryPersister'
2015-10-24 01:27:51,007 INFO  [org.hibernate.jpa.internal.util.LogHelper] (ServerService Thread Pool -- 50) HHH000204: Processing PersistenceUnitInfo [
	name: mercuryPersister
	...]
2015-10-24 01:27:51,188 INFO  [org.hibernate.validator.internal.util.Version] (MSC service thread 1-1) HV000001: Hibernate Validator 5.1.3.Final
2015-10-24 01:27:51,239 INFO  [org.hibernate.Version] (ServerService Thread Pool -- 50) HHH000412: Hibernate Core {4.3.7.Final}
2015-10-24 01:27:51,250 INFO  [org.hibernate.cfg.Environment] (ServerService Thread Pool -- 50) HHH000206: hibernate.properties not found
2015-10-24 01:27:51,259 INFO  [org.hibernate.cfg.Environment] (ServerService Thread Pool -- 50) HHH000021: Bytecode provider name : javassist
2015-10-24 01:27:51,547 INFO  [org.jboss.weld.deployer] (MSC service thread 1-2) JBAS016002: Processing weld deployment mercury-server-1.0.0-SNAPSHOT.jar
2015-10-24 01:27:51,560 INFO  [org.jboss.as.ejb3.deployment.processors.EjbJndiBindingsDeploymentUnitProcessor] (MSC service thread 1-2) JNDI bindings for session bean named SaleServiceImpl in deployment unit subdeployment "mercury-server-1.0.0-SNAPSHOT.jar" of deployment "mercury.ear" are as follows:

	java:global/mercury/mercury-server-1.0.0-SNAPSHOT/SaleServiceImpl!pl.uz.mercury.service.SaleService
	java:app/mercury-server-1.0.0-SNAPSHOT/SaleServiceImpl!pl.uz.mercury.service.SaleService
	java:module/SaleServiceImpl!pl.uz.mercury.service.SaleService
	java:jboss/exported/mercury/mercury-server-1.0.0-SNAPSHOT/SaleServiceImpl!pl.uz.mercury.service.SaleService
	java:global/mercury/mercury-server-1.0.0-SNAPSHOT/SaleServiceImpl
	java:app/mercury-server-1.0.0-SNAPSHOT/SaleServiceImpl
	java:module/SaleServiceImpl

2015-10-24 01:27:51,561 INFO  [org.jboss.as.ejb3.deployment.processors.EjbJndiBindingsDeploymentUnitProcessor] (MSC service thread 1-2) JNDI bindings for session bean named MercuryDao in deployment unit subdeployment "mercury-server-1.0.0-SNAPSHOT.jar" of deployment "mercury.ear" are as follows:

	java:global/mercury/mercury-server-1.0.0-SNAPSHOT/MercuryDao!pl.uz.mercury.dao.common.MercuryDao
	java:app/mercury-server-1.0.0-SNAPSHOT/MercuryDao!pl.uz.mercury.dao.common.MercuryDao
	java:module/MercuryDao!pl.uz.mercury.dao.common.MercuryDao
	java:global/mercury/mercury-server-1.0.0-SNAPSHOT/MercuryDao
	java:app/mercury-server-1.0.0-SNAPSHOT/MercuryDao
	java:module/MercuryDao

2015-10-24 01:27:51,561 INFO  [org.jboss.as.ejb3.deployment.processors.EjbJndiBindingsDeploymentUnitProcessor] (MSC service thread 1-2) JNDI bindings for session bean named MerchandiseServiceImpl in deployment unit subdeployment "mercury-server-1.0.0-SNAPSHOT.jar" of deployment "mercury.ear" are as follows:

	java:global/mercury/mercury-server-1.0.0-SNAPSHOT/MerchandiseServiceImpl!pl.uz.mercury.service.MerchandiseServiceLocal
	java:app/mercury-server-1.0.0-SNAPSHOT/MerchandiseServiceImpl!pl.uz.mercury.service.MerchandiseServiceLocal
	java:module/MerchandiseServiceImpl!pl.uz.mercury.service.MerchandiseServiceLocal
	java:global/mercury/mercury-server-1.0.0-SNAPSHOT/MerchandiseServiceImpl!pl.uz.mercury.service.MerchandiseService
	java:app/mercury-server-1.0.0-SNAPSHOT/MerchandiseServiceImpl!pl.uz.mercury.service.MerchandiseService
	java:module/MerchandiseServiceImpl!pl.uz.mercury.service.MerchandiseService
	java:jboss/exported/mercury/mercury-server-1.0.0-SNAPSHOT/MerchandiseServiceImpl!pl.uz.mercury.service.MerchandiseService

2015-10-24 01:27:51,562 INFO  [org.jboss.as.ejb3.deployment.processors.EjbJndiBindingsDeploymentUnitProcessor] (MSC service thread 1-2) JNDI bindings for session bean named PurchaseServiceImpl in deployment unit subdeployment "mercury-server-1.0.0-SNAPSHOT.jar" of deployment "mercury.ear" are as follows:

	java:global/mercury/mercury-server-1.0.0-SNAPSHOT/PurchaseServiceImpl!pl.uz.mercury.service.PurchaseService
	java:app/mercury-server-1.0.0-SNAPSHOT/PurchaseServiceImpl!pl.uz.mercury.service.PurchaseService
	java:module/PurchaseServiceImpl!pl.uz.mercury.service.PurchaseService
	java:jboss/exported/mercury/mercury-server-1.0.0-SNAPSHOT/PurchaseServiceImpl!pl.uz.mercury.service.PurchaseService
	java:global/mercury/mercury-server-1.0.0-SNAPSHOT/PurchaseServiceImpl
	java:app/mercury-server-1.0.0-SNAPSHOT/PurchaseServiceImpl
	java:module/PurchaseServiceImpl

2015-10-24 01:27:51,582 INFO  [org.jboss.weld.deployer] (MSC service thread 1-2) JBAS016005: Starting Services for CDI deployment: mercury.ear
2015-10-24 01:27:51,666 INFO  [org.jboss.weld.Version] (MSC service thread 1-2) WELD-000900: 2.2.6 (Final)
2015-10-24 01:27:51,701 INFO  [org.jboss.weld.deployer] (MSC service thread 1-2) JBAS016008: Starting weld service for deployment mercury.ear
2015-10-24 01:27:52,246 INFO  [org.jboss.as.jpa] (ServerService Thread Pool -- 50) JBAS011409: Starting Persistence Unit (phase 2 of 2) Service 'mercury.ear/mercury-server-1.0.0-SNAPSHOT.jar#mercuryPersister'
2015-10-24 01:27:52,429 INFO  [org.hibernate.annotations.common.Version] (ServerService Thread Pool -- 50) HCANN000001: Hibernate Commons Annotations {4.0.4.Final}
2015-10-24 01:27:53,024 INFO  [org.hibernate.dialect.Dialect] (ServerService Thread Pool -- 50) HHH000400: Using dialect: org.hibernate.dialect.PostgreSQLDialect
2015-10-24 01:27:53,056 INFO  [org.hibernate.engine.jdbc.internal.LobCreatorBuilder] (ServerService Thread Pool -- 50) HHH000424: Disabling contextual LOB creation as createClob() method threw error : java.lang.reflect.InvocationTargetException
2015-10-24 01:27:53,393 INFO  [org.hibernate.hql.internal.ast.ASTQueryTranslatorFactory] (ServerService Thread Pool -- 50) HHH000397: Using ASTQueryTranslatorFactory
2015-10-24 01:27:56,115 INFO  [org.jboss.as.server] (ServerService Thread Pool -- 28) JBAS018559: Deployed "mercury.ear" (runtime-name : "mercury.ear")
2015-10-24 01:27:56,116 INFO  [org.jboss.as.server] (ServerService Thread Pool -- 28) JBAS018559: Deployed "postgresql-9.4-1201.jdbc4.jar" (runtime-name : "postgresql-9.4-1201.jdbc4.jar")
2015-10-24 01:27:56,150 INFO  [org.jboss.as] (Controller Boot Thread) JBAS015961: Http management interface listening on http://0.0.0.0:9990/management
2015-10-24 01:27:56,151 INFO  [org.jboss.as] (Controller Boot Thread) JBAS015951: Admin console listening on http://0.0.0.0:9990
2015-10-24 01:27:56,151 INFO  [org.jboss.as] (Controller Boot Thread) JBAS015874: WildFly 8.2.0.Final "Tweek" started in 16131ms - Started 445 of 511 services (106 services are lazy, passive or on-demand)
2015-10-24 01:50:40,116 INFO  [org.jboss.as.connector.subsystems.datasources] (MSC service thread 1-4) JBAS010409: Unbound data source [java:jboss/mercuryTestDataSource]
2015-10-24 01:50:40,135 INFO  [org.wildfly.extension.undertow] (MSC service thread 1-4) JBAS017532: Host default-host stopping
2015-10-24 01:50:40,177 INFO  [org.jboss.as.connector.subsystems.datasources] (MSC service thread 1-2) JBAS010409: Unbound data source [java:jboss/datasources/ExampleDS]
2015-10-24 01:50:40,186 INFO  [org.jboss.as.connector.deployers.jdbc] (MSC service thread 1-3) JBAS010418: Stopped Driver service with driver-name = h2
2015-10-24 01:50:40,191 INFO  [org.jboss.as.jpa] (ServerService Thread Pool -- 54) JBAS011410: Stopping Persistence Unit (phase 2 of 2) Service 'mercury.ear/mercury-server-1.0.0-SNAPSHOT.jar#mercuryPersister'
2015-10-24 01:50:40,355 INFO  [org.jboss.weld.deployer] (MSC service thread 1-1) JBAS016009: Stopping weld service for deployment mercury.ear
2015-10-24 01:50:40,447 INFO  [org.jboss.as.jpa] (ServerService Thread Pool -- 54) JBAS011410: Stopping Persistence Unit (phase 1 of 2) Service 'mercury.ear/mercury-server-1.0.0-SNAPSHOT.jar#mercuryPersister'
2015-10-24 01:50:40,478 INFO  [org.jboss.as.connector.subsystems.datasources] (MSC service thread 1-4) JBAS010409: Unbound data source [java:jboss/mercuryDataSource]
2015-10-24 01:50:40,487 INFO  [org.jboss.as.connector.deployers.jdbc] (MSC service thread 1-3) JBAS010418: Stopped Driver service with driver-name = postgresql-9.4-1201.jdbc4.jar
2015-10-24 01:50:40,499 INFO  [org.jboss.as.server.deployment] (MSC service thread 1-1) JBAS015974: Stopped subdeployment (runtime-name: mercury-server-1.0.0-SNAPSHOT.jar) in 432ms
2015-10-24 01:50:40,580 INFO  [org.wildfly.extension.undertow] (MSC service thread 1-4) JBAS017521: Undertow HTTP listener default suspending
2015-10-24 01:50:40,599 INFO  [org.jboss.as.server.deployment] (MSC service thread 1-1) JBAS015877: Stopped deployment postgresql-9.4-1201.jdbc4.jar (runtime-name: postgresql-9.4-1201.jdbc4.jar) in 531ms
2015-10-24 01:50:40,605 INFO  [org.jboss.as.server.deployment] (MSC service thread 1-3) JBAS015877: Stopped deployment mercury.ear (runtime-name: mercury.ear) in 577ms
2015-10-24 01:50:40,639 INFO  [org.wildfly.extension.undertow] (MSC service thread 1-4) JBAS017520: Undertow HTTP listener default stopped, was bound to /0.0.0.0:8080
2015-10-24 01:50:40,714 INFO  [org.wildfly.extension.undertow] (MSC service thread 1-2) JBAS017506: Undertow 1.1.0.Final stopping
2015-10-24 01:50:40,772 INFO  [org.jboss.as] (MSC service thread 1-4) JBAS015950: WildFly 8.2.0.Final "Tweek" stopped in 652ms
